<?xml version="1.0" encoding="UTF-8" ?>
<testsuite tests="5" failures="0" name="xyz.softwaredeveloveper.CustomCache.CacheTest" time="0.001" errors="0" skipped="0">
  <properties>
[...]
</properties>
  <testcase classname="xyz.softwaredeveloveper.CustomCache.CacheTest" name="testGet" time="0"/>
  <testcase classname="xyz.softwaredeveloveper.CustomCache.CacheTest" name="testPut" time="0"/>
  <testcase classname="xyz.softwaredeveloveper.CustomCache.CacheTest" name="testOptionalGet" time="0"/>
  <testcase classname="xyz.softwaredeveloveper.CustomCache.CacheTest" name="testRemove" time="0"/>
  <testcase classname="xyz.softwaredeveloveper.CustomCache.CacheTest" name="integrationTest" time="0.001"/>
</testsuite>